<?xml version="1.0" encoding="UTF-8"?>
<testng-results ignored="0" total="1" passed="1" failed="0" skipped="0">
  <reporter-output>
  </reporter-output>
  <suite started-at="2023-05-04T01:11:46 IST" name="Default suite" finished-at="2023-05-04T01:11:56 IST" duration-ms="9416">
    <groups>
    </groups>
    <test started-at="2023-05-04T01:11:46 IST" name="Default test" finished-at="2023-05-04T01:11:56 IST" duration-ms="9416">
      <class name="org.base.ApiStatusCheck">
        <test-method signature="tc01()[pri:0, instance:org.base.ApiStatusCheck@3c7f66c4]" started-at="2023-05-04T01:11:46 IST" name="tc01" finished-at="2023-05-04T01:11:55 IST" duration-ms="9152" status="PASS">
          <reporter-output>
          </reporter-output>
        </test-method> <!-- tc01 -->
      </class> <!-- org.base.ApiStatusCheck -->
    </test> <!-- Default test -->
  </suite> <!-- Default suite -->
</testng-results>
